This file contains any messages produced by compilers while
running configure, to aid debugging if configure makes a mistake.

It was created by WnckSyncDaemon configure 0.1, which was
generated by GNU Autoconf 2.63.  Invocation command line was

  $ ./configure --enable-maintainer-mode --prefix=/usr

## --------- ##
## Platform. ##
## --------- ##

hostname = t500
uname -m = x86_64
uname -r = 2.6.31-rc2-custom2
uname -s = Linux
uname -v = #1 SMP Mon Jul 6 14:51:45 EDT 2009

/usr/bin/uname -p = unknown
/bin/uname -X     = unknown

/bin/arch              = unknown
/usr/bin/arch -k       = unknown
/usr/convex/getsysinfo = unknown
/usr/bin/hostinfo      = unknown
/bin/machine           = unknown
/usr/bin/oslevel       = unknown
/bin/universe          = unknown

PATH: /home/jason/bin
PATH: /usr/local/sbin
PATH: /usr/local/bin
PATH: /usr/sbin
PATH: /usr/bin
PATH: /sbin
PATH: /bin
PATH: /usr/games
PATH: /home/jason/bin


## ----------- ##
## Core tests. ##
## ----------- ##

configure:1855: checking for a BSD-compatible install
configure:1923: result: /usr/bin/install -c
configure:1934: checking whether build environment is sane
configure:1977: result: yes
configure:2002: checking for a thread-safe mkdir -p
configure:2041: result: /bin/mkdir -p
configure:2054: checking for gawk
configure:2084: result: no
configure:2054: checking for mawk
configure:2070: found /usr/bin/mawk
configure:2081: result: mawk
configure:2092: checking whether make sets $(MAKE)
configure:2114: result: yes
configure:2298: checking whether to enable maintainer-specific portions of Makefiles
configure:2307: result: yes
configure:2323: checking for pkg-config
configure:2341: found /usr/bin/pkg-config
configure:2354: result: /usr/bin/pkg-config
configure:2427: checking for a BSD-compatible install
configure:2495: result: /usr/bin/install -c
configure:2509: checking for gmcs
configure:2527: found /usr/bin/gmcs
configure:2540: result: /usr/bin/gmcs
configure:2708: checking pkg-config is at least version 0.9.0
configure:2711: result: yes
configure:2722: checking for WNCK_SHARP_10
configure:2730: $PKG_CONFIG --exists --print-errors "wnck-sharp-1.0"
configure:2733: $? = 0
configure:2748: $PKG_CONFIG --exists --print-errors "wnck-sharp-1.0"
configure:2751: $? = 0
configure:2829: result: yes
configure:2835: checking for GNOME_DESKTOP_SHARP_20
configure:2843: $PKG_CONFIG --exists --print-errors "gnome-desktop-sharp-2.0"
configure:2846: $? = 0
configure:2861: $PKG_CONFIG --exists --print-errors "gnome-desktop-sharp-2.0"
configure:2864: $? = 0
configure:2942: result: yes
configure:2948: checking for NDESK_DBUS_10
configure:2956: $PKG_CONFIG --exists --print-errors "ndesk-dbus-1.0"
configure:2959: $? = 0
configure:2974: $PKG_CONFIG --exists --print-errors "ndesk-dbus-1.0"
configure:2977: $? = 0
configure:3055: result: yes
configure:3061: checking for NDESK_DBUS_GLIB_10
configure:3069: $PKG_CONFIG --exists --print-errors "ndesk-dbus-glib-1.0"
configure:3072: $? = 0
configure:3087: $PKG_CONFIG --exists --print-errors "ndesk-dbus-glib-1.0"
configure:3090: $? = 0
configure:3168: result: yes
configure:3174: checking for GTK_SHARP_20
configure:3182: $PKG_CONFIG --exists --print-errors "gtk-sharp-2.0"
configure:3185: $? = 0
configure:3200: $PKG_CONFIG --exists --print-errors "gtk-sharp-2.0"
configure:3203: $? = 0
configure:3281: result: yes
configure:3457: creating ./config.status

## ---------------------- ##
## Running config.status. ##
## ---------------------- ##

This file was extended by WnckSyncDaemon config.status 0.1, which was
generated by GNU Autoconf 2.63.  Invocation command line was

  CONFIG_FILES    = 
  CONFIG_HEADERS  = 
  CONFIG_LINKS    = 
  CONFIG_COMMANDS = 
  $ ./config.status 

on t500

config.status:698: creating WnckSyncDaemon/wncksyncdaemon
config.status:698: creating WnckSyncDaemon/Makefile
config.status:698: creating Makefile

## ---------------- ##
## Cache variables. ##
## ---------------- ##

ac_cv_env_GNOME_DESKTOP_SHARP_20_CFLAGS_set=
ac_cv_env_GNOME_DESKTOP_SHARP_20_CFLAGS_value=
ac_cv_env_GNOME_DESKTOP_SHARP_20_LIBS_set=
ac_cv_env_GNOME_DESKTOP_SHARP_20_LIBS_value=
ac_cv_env_GTK_SHARP_20_CFLAGS_set=
ac_cv_env_GTK_SHARP_20_CFLAGS_value=
ac_cv_env_GTK_SHARP_20_LIBS_set=
ac_cv_env_GTK_SHARP_20_LIBS_value=
ac_cv_env_NDESK_DBUS_10_CFLAGS_set=
ac_cv_env_NDESK_DBUS_10_CFLAGS_value=
ac_cv_env_NDESK_DBUS_10_LIBS_set=
ac_cv_env_NDESK_DBUS_10_LIBS_value=
ac_cv_env_NDESK_DBUS_GLIB_10_CFLAGS_set=
ac_cv_env_NDESK_DBUS_GLIB_10_CFLAGS_value=
ac_cv_env_NDESK_DBUS_GLIB_10_LIBS_set=
ac_cv_env_NDESK_DBUS_GLIB_10_LIBS_value=
ac_cv_env_PKG_CONFIG_set=
ac_cv_env_PKG_CONFIG_value=
ac_cv_env_WNCK_SHARP_10_CFLAGS_set=
ac_cv_env_WNCK_SHARP_10_CFLAGS_value=
ac_cv_env_WNCK_SHARP_10_LIBS_set=
ac_cv_env_WNCK_SHARP_10_LIBS_value=
ac_cv_env_build_alias_set=
ac_cv_env_build_alias_value=
ac_cv_env_host_alias_set=
ac_cv_env_host_alias_value=
ac_cv_env_target_alias_set=
ac_cv_env_target_alias_value=
ac_cv_path_GMCS=/usr/bin/gmcs
ac_cv_path_PKG_CONFIG=/usr/bin/pkg-config
ac_cv_path_install='/usr/bin/install -c'
ac_cv_path_mkdir=/bin/mkdir
ac_cv_prog_AWK=mawk
ac_cv_prog_make_make_set=yes
pkg_cv_GNOME_DESKTOP_SHARP_20_CFLAGS='-I:/usr/lib/pkgconfig/../../share/gnomedesktop-sharp/2.20/gnomedesktop-api.xml -I:/usr/lib/pkgconfig/../../share/gapi-2.0/gnome-api.xml -I:/usr/lib/pkgconfig/../../share/gapi-2.0/pango-api.xml -I:/usr/lib/pkgconfig/../../share/gapi-2.0/atk-api.xml -I:/usr/lib/pkgconfig/../../share/gapi-2.0/gdk-api.xml -I:/usr/lib/pkgconfig/../../share/gapi-2.0/gtk-api.xml -I:/usr/lib/pkgconfig/../../share/gapi-2.0/art-api.xml -I:/usr/lib/pkgconfig/../../share/gapi-2.0/gnome-vfs-api.xml -I:/usr/lib/pkgconfig/../../share/gapi-2.0/glib-api.xml  '
pkg_cv_GNOME_DESKTOP_SHARP_20_LIBS='-r:/usr/lib/pkgconfig/../../lib/mono/gnomedesktop-sharp-2.20/gnomedesktop-sharp.dll -r:/usr/lib/pkgconfig/../../lib/mono/gtk-sharp-2.0/gnome-sharp.dll -r:/usr/lib/pkgconfig/../../lib/mono/gtk-sharp-2.0/pango-sharp.dll -r:/usr/lib/pkgconfig/../../lib/mono/gtk-sharp-2.0/atk-sharp.dll -r:/usr/lib/pkgconfig/../../lib/mono/gtk-sharp-2.0/gdk-sharp.dll -r:/usr/lib/pkgconfig/../../lib/mono/gtk-sharp-2.0/gtk-sharp.dll -r:/usr/lib/pkgconfig/../../lib/mono/gtk-sharp-2.0/art-sharp.dll -r:/usr/lib/pkgconfig/../../lib/mono/gtk-sharp-2.0/gnome-vfs-sharp.dll -r:/usr/lib/pkgconfig/../../lib/mono/gtk-sharp-2.0/glib-sharp.dll  '
pkg_cv_GTK_SHARP_20_CFLAGS='-I:/usr/lib/pkgconfig/../../share/gapi-2.0/pango-api.xml -I:/usr/lib/pkgconfig/../../share/gapi-2.0/atk-api.xml -I:/usr/lib/pkgconfig/../../share/gapi-2.0/gdk-api.xml -I:/usr/lib/pkgconfig/../../share/gapi-2.0/gtk-api.xml -I:/usr/lib/pkgconfig/../../share/gapi-2.0/glib-api.xml  '
pkg_cv_GTK_SHARP_20_LIBS='-r:/usr/lib/pkgconfig/../../lib/mono/gtk-sharp-2.0/pango-sharp.dll -r:/usr/lib/pkgconfig/../../lib/mono/gtk-sharp-2.0/atk-sharp.dll -r:/usr/lib/pkgconfig/../../lib/mono/gtk-sharp-2.0/gdk-sharp.dll -r:/usr/lib/pkgconfig/../../lib/mono/gtk-sharp-2.0/gtk-sharp.dll -r:/usr/lib/pkgconfig/../../lib/mono/gtk-sharp-2.0/glib-sharp.dll  '
pkg_cv_NDESK_DBUS_10_CFLAGS=' '
pkg_cv_NDESK_DBUS_10_LIBS='-r:/usr/lib/cli/ndesk-dbus-1.0/NDesk.DBus.dll  '
pkg_cv_NDESK_DBUS_GLIB_10_CFLAGS=' '
pkg_cv_NDESK_DBUS_GLIB_10_LIBS='-r:/usr/lib/cli/ndesk-dbus-glib-1.0/NDesk.DBus.GLib.dll -r:/usr/lib/cli/ndesk-dbus-1.0/NDesk.DBus.dll  '
pkg_cv_WNCK_SHARP_10_CFLAGS='-I:/usr/lib/pkgconfig/../../share/wnck-sharp/2.20/wnck-api.xml -I:/usr/lib/pkgconfig/../../share/gapi-2.0/pango-api.xml -I:/usr/lib/pkgconfig/../../share/gapi-2.0/atk-api.xml -I:/usr/lib/pkgconfig/../../share/gapi-2.0/gdk-api.xml -I:/usr/lib/pkgconfig/../../share/gapi-2.0/gtk-api.xml -I:/usr/lib/pkgconfig/../../share/gapi-2.0/glib-api.xml  '
pkg_cv_WNCK_SHARP_10_LIBS='-r:/usr/lib/pkgconfig/../../lib/mono/wnck-sharp-2.20/wnck-sharp.dll -r:/usr/lib/pkgconfig/../../lib/mono/gtk-sharp-2.0/pango-sharp.dll -r:/usr/lib/pkgconfig/../../lib/mono/gtk-sharp-2.0/atk-sharp.dll -r:/usr/lib/pkgconfig/../../lib/mono/gtk-sharp-2.0/gdk-sharp.dll -r:/usr/lib/pkgconfig/../../lib/mono/gtk-sharp-2.0/gtk-sharp.dll -r:/usr/lib/pkgconfig/../../lib/mono/gtk-sharp-2.0/glib-sharp.dll  '

## ----------------- ##
## Output variables. ##
## ----------------- ##

ACLOCAL='${SHELL} /home/jason/Projects/WnckSyncDaemon/missing --run aclocal-1.10'
AMTAR='${SHELL} /home/jason/Projects/WnckSyncDaemon/missing --run tar'
AUTOCONF='${SHELL} /home/jason/Projects/WnckSyncDaemon/missing --run autoconf'
AUTOHEADER='${SHELL} /home/jason/Projects/WnckSyncDaemon/missing --run autoheader'
AUTOMAKE='${SHELL} /home/jason/Projects/WnckSyncDaemon/missing --run automake-1.10'
AWK='mawk'
CYGPATH_W='echo'
DEFS='-DPACKAGE_NAME=\"WnckSyncDaemon\" -DPACKAGE_TARNAME=\"wncksyncdaemon\" -DPACKAGE_VERSION=\"0.1\" -DPACKAGE_STRING=\"WnckSyncDaemon\ 0.1\" -DPACKAGE_BUGREPORT=\"\" -DPACKAGE=\"wncksyncdaemon\" -DVERSION=\"0.1\"'
ECHO_C=''
ECHO_N='-n'
ECHO_T=''
ENABLE_DEBUG_FALSE=''
ENABLE_DEBUG_TRUE='#'
ENABLE_RELEASE_FALSE='#'
ENABLE_RELEASE_TRUE=''
GMCS='/usr/bin/gmcs'
GNOME_DESKTOP_SHARP_20_CFLAGS='-I:/usr/lib/pkgconfig/../../share/gnomedesktop-sharp/2.20/gnomedesktop-api.xml -I:/usr/lib/pkgconfig/../../share/gapi-2.0/gnome-api.xml -I:/usr/lib/pkgconfig/../../share/gapi-2.0/pango-api.xml -I:/usr/lib/pkgconfig/../../share/gapi-2.0/atk-api.xml -I:/usr/lib/pkgconfig/../../share/gapi-2.0/gdk-api.xml -I:/usr/lib/pkgconfig/../../share/gapi-2.0/gtk-api.xml -I:/usr/lib/pkgconfig/../../share/gapi-2.0/art-api.xml -I:/usr/lib/pkgconfig/../../share/gapi-2.0/gnome-vfs-api.xml -I:/usr/lib/pkgconfig/../../share/gapi-2.0/glib-api.xml  '
GNOME_DESKTOP_SHARP_20_LIBS='-r:/usr/lib/pkgconfig/../../lib/mono/gnomedesktop-sharp-2.20/gnomedesktop-sharp.dll -r:/usr/lib/pkgconfig/../../lib/mono/gtk-sharp-2.0/gnome-sharp.dll -r:/usr/lib/pkgconfig/../../lib/mono/gtk-sharp-2.0/pango-sharp.dll -r:/usr/lib/pkgconfig/../../lib/mono/gtk-sharp-2.0/atk-sharp.dll -r:/usr/lib/pkgconfig/../../lib/mono/gtk-sharp-2.0/gdk-sharp.dll -r:/usr/lib/pkgconfig/../../lib/mono/gtk-sharp-2.0/gtk-sharp.dll -r:/usr/lib/pkgconfig/../../lib/mono/gtk-sharp-2.0/art-sharp.dll -r:/usr/lib/pkgconfig/../../lib/mono/gtk-sharp-2.0/gnome-vfs-sharp.dll -r:/usr/lib/pkgconfig/../../lib/mono/gtk-sharp-2.0/glib-sharp.dll  '
GTK_SHARP_20_CFLAGS='-I:/usr/lib/pkgconfig/../../share/gapi-2.0/pango-api.xml -I:/usr/lib/pkgconfig/../../share/gapi-2.0/atk-api.xml -I:/usr/lib/pkgconfig/../../share/gapi-2.0/gdk-api.xml -I:/usr/lib/pkgconfig/../../share/gapi-2.0/gtk-api.xml -I:/usr/lib/pkgconfig/../../share/gapi-2.0/glib-api.xml  '
GTK_SHARP_20_LIBS='-r:/usr/lib/pkgconfig/../../lib/mono/gtk-sharp-2.0/pango-sharp.dll -r:/usr/lib/pkgconfig/../../lib/mono/gtk-sharp-2.0/atk-sharp.dll -r:/usr/lib/pkgconfig/../../lib/mono/gtk-sharp-2.0/gdk-sharp.dll -r:/usr/lib/pkgconfig/../../lib/mono/gtk-sharp-2.0/gtk-sharp.dll -r:/usr/lib/pkgconfig/../../lib/mono/gtk-sharp-2.0/glib-sharp.dll  '
INSTALL_DATA='${INSTALL} -m 644'
INSTALL_PROGRAM='${INSTALL}'
INSTALL_SCRIPT='${INSTALL}'
INSTALL_STRIP_PROGRAM='$(install_sh) -c -s'
LIBOBJS=''
LIBS=''
LTLIBOBJS=''
MAINT=''
MAINTAINER_MODE_FALSE='#'
MAINTAINER_MODE_TRUE=''
MAKEINFO='${SHELL} /home/jason/Projects/WnckSyncDaemon/missing --run makeinfo'
MKDIR_P='/bin/mkdir -p'
NDESK_DBUS_10_CFLAGS=' '
NDESK_DBUS_10_LIBS='-r:/usr/lib/cli/ndesk-dbus-1.0/NDesk.DBus.dll  '
NDESK_DBUS_GLIB_10_CFLAGS=' '
NDESK_DBUS_GLIB_10_LIBS='-r:/usr/lib/cli/ndesk-dbus-glib-1.0/NDesk.DBus.GLib.dll -r:/usr/lib/cli/ndesk-dbus-1.0/NDesk.DBus.dll  '
PACKAGE='wncksyncdaemon'
PACKAGE_BUGREPORT=''
PACKAGE_NAME='WnckSyncDaemon'
PACKAGE_STRING='WnckSyncDaemon 0.1'
PACKAGE_TARNAME='wncksyncdaemon'
PACKAGE_VERSION='0.1'
PATH_SEPARATOR=':'
PKG_CONFIG='/usr/bin/pkg-config'
SET_MAKE=''
SHELL='/bin/bash'
STRIP=''
VERSION='0.1'
WNCK_SHARP_10_CFLAGS='-I:/usr/lib/pkgconfig/../../share/wnck-sharp/2.20/wnck-api.xml -I:/usr/lib/pkgconfig/../../share/gapi-2.0/pango-api.xml -I:/usr/lib/pkgconfig/../../share/gapi-2.0/atk-api.xml -I:/usr/lib/pkgconfig/../../share/gapi-2.0/gdk-api.xml -I:/usr/lib/pkgconfig/../../share/gapi-2.0/gtk-api.xml -I:/usr/lib/pkgconfig/../../share/gapi-2.0/glib-api.xml  '
WNCK_SHARP_10_LIBS='-r:/usr/lib/pkgconfig/../../lib/mono/wnck-sharp-2.20/wnck-sharp.dll -r:/usr/lib/pkgconfig/../../lib/mono/gtk-sharp-2.0/pango-sharp.dll -r:/usr/lib/pkgconfig/../../lib/mono/gtk-sharp-2.0/atk-sharp.dll -r:/usr/lib/pkgconfig/../../lib/mono/gtk-sharp-2.0/gdk-sharp.dll -r:/usr/lib/pkgconfig/../../lib/mono/gtk-sharp-2.0/gtk-sharp.dll -r:/usr/lib/pkgconfig/../../lib/mono/gtk-sharp-2.0/glib-sharp.dll  '
am__isrc=''
am__leading_dot='.'
am__tar='${AMTAR} chof - "$$tardir"'
am__untar='${AMTAR} xf -'
bindir='${exec_prefix}/bin'
build_alias=''
datadir='${datarootdir}'
datarootdir='${prefix}/share'
docdir='${datarootdir}/doc/${PACKAGE_TARNAME}'
dvidir='${docdir}'
exec_prefix='/usr'
expanded_bindir='/usr/bin'
expanded_datadir='/usr/share'
expanded_libdir='/usr/lib'
host_alias=''
htmldir='${docdir}'
includedir='${prefix}/include'
infodir='${datarootdir}/info'
install_sh='$(SHELL) /home/jason/Projects/WnckSyncDaemon/install-sh'
libdir='${exec_prefix}/lib'
libexecdir='${exec_prefix}/libexec'
localedir='${datarootdir}/locale'
localstatedir='${prefix}/var'
mandir='${datarootdir}/man'
mkdir_p='/bin/mkdir -p'
oldincludedir='/usr/include'
pdfdir='${docdir}'
prefix='/usr'
program_transform_name='s,x,x,'
psdir='${docdir}'
sbindir='${exec_prefix}/sbin'
sharedstatedir='${prefix}/com'
sysconfdir='${prefix}/etc'
target_alias=''

## ----------- ##
## confdefs.h. ##
## ----------- ##

#define PACKAGE_NAME "WnckSyncDaemon"
#define PACKAGE_TARNAME "wncksyncdaemon"
#define PACKAGE_VERSION "0.1"
#define PACKAGE_STRING "WnckSyncDaemon 0.1"
#define PACKAGE_BUGREPORT ""
#define PACKAGE "wncksyncdaemon"
#define VERSION "0.1"

configure: exit 0

## ---------------------- ##
## Running config.status. ##
## ---------------------- ##

This file was extended by WnckSyncDaemon config.status 0.1, which was
generated by GNU Autoconf 2.63.  Invocation command line was

  CONFIG_FILES    = 
  CONFIG_HEADERS  = 
  CONFIG_LINKS    = 
  CONFIG_COMMANDS = 
  $ ./config.status WnckSyncDaemon/Makefile

on t500

config.status:698: creating WnckSyncDaemon/Makefile

## ---------------------- ##
## Running config.status. ##
## ---------------------- ##

This file was extended by WnckSyncDaemon config.status 0.1, which was
generated by GNU Autoconf 2.63.  Invocation command line was

  CONFIG_FILES    = 
  CONFIG_HEADERS  = 
  CONFIG_LINKS    = 
  CONFIG_COMMANDS = 
  $ ./config.status WnckSyncDaemon/Makefile

on t500

config.status:698: creating WnckSyncDaemon/Makefile

## ---------------------- ##
## Running config.status. ##
## ---------------------- ##

This file was extended by WnckSyncDaemon config.status 0.1, which was
generated by GNU Autoconf 2.63.  Invocation command line was

  CONFIG_FILES    = 
  CONFIG_HEADERS  = 
  CONFIG_LINKS    = 
  CONFIG_COMMANDS = 
  $ ./config.status WnckSyncDaemon/Makefile

on t500

config.status:698: creating WnckSyncDaemon/Makefile

## ---------------------- ##
## Running config.status. ##
## ---------------------- ##

This file was extended by WnckSyncDaemon config.status 0.1, which was
generated by GNU Autoconf 2.63.  Invocation command line was

  CONFIG_FILES    = 
  CONFIG_HEADERS  = 
  CONFIG_LINKS    = 
  CONFIG_COMMANDS = 
  $ ./config.status WnckSyncDaemon/Makefile

on t500

config.status:698: creating WnckSyncDaemon/Makefile
